172.20.60.12
[I 2025-04-01 14:30:38.957 ServerApp] Extension package jupyter_lsp took 0.6328s to import
[I 2025-04-01 14:30:39.222 ServerApp] Extension package jupyter_server_terminals took 0.2642s to import
[I 2025-04-01 14:30:43.485 ServerApp] jupyter_lsp | extension was successfully linked.
[I 2025-04-01 14:30:43.490 ServerApp] jupyter_server_terminals | extension was successfully linked.
[I 2025-04-01 14:30:43.493 ServerApp] jupyterlab | extension was successfully linked.
[I 2025-04-01 14:30:43.495 ServerApp] notebook | extension was successfully linked.
[I 2025-04-01 14:30:48.334 ServerApp] notebook_shim | extension was successfully linked.
[I 2025-04-01 14:30:48.563 ServerApp] notebook_shim | extension was successfully loaded.
[I 2025-04-01 14:30:48.565 ServerApp] jupyter_lsp | extension was successfully loaded.
[I 2025-04-01 14:30:48.566 ServerApp] jupyter_server_terminals | extension was successfully loaded.
[I 2025-04-01 14:30:48.660 LabApp] JupyterLab extension loaded from /home/matheus23002/anaconda/envs/nlp/lib/python3.12/site-packages/jupyterlab
[I 2025-04-01 14:30:48.660 LabApp] JupyterLab application directory is /home/matheus23002/anaconda/envs/nlp/share/jupyter/lab
[I 2025-04-01 14:30:48.669 LabApp] Extension Manager is 'pypi'.
[I 2025-04-01 14:30:49.367 ServerApp] jupyterlab | extension was successfully loaded.
[I 2025-04-01 14:30:49.370 ServerApp] notebook | extension was successfully loaded.
[I 2025-04-01 14:30:49.370 ServerApp] The port 8888 is already in use, trying another port.
[I 2025-04-01 14:30:49.370 ServerApp] Serving notebooks from local directory: /home/matheus23002/nlp
[I 2025-04-01 14:30:49.370 ServerApp] Jupyter Server 2.15.0 is running at:
[I 2025-04-01 14:30:49.370 ServerApp] http://172.20.60.12:8889/tree?token=221cc56ca4ebf4cb255c1d8456cebeca4596c6ba9d892b6f
[I 2025-04-01 14:30:49.370 ServerApp]     http://127.0.0.1:8889/tree?token=221cc56ca4ebf4cb255c1d8456cebeca4596c6ba9d892b6f
[I 2025-04-01 14:30:49.370 ServerApp] Use Control-C to stop this server and shut down all kernels (twice to skip confirmation).
[W 2025-04-01 14:30:49.437 ServerApp] No web browser found: Error('could not locate runnable browser').
[C 2025-04-01 14:30:49.437 ServerApp] 
    
    To access the server, open this file in a browser:
        file:///home/matheus23002/.local/share/jupyter/runtime/jpserver-3387244-open.html
    Or copy and paste one of these URLs:
        http://172.20.60.12:8889/tree?token=221cc56ca4ebf4cb255c1d8456cebeca4596c6ba9d892b6f
        http://127.0.0.1:8889/tree?token=221cc56ca4ebf4cb255c1d8456cebeca4596c6ba9d892b6f
[I 2025-04-01 14:30:49.457 ServerApp] Skipped non-installed server(s): bash-language-server, dockerfile-language-server-nodejs, javascript-typescript-langserver, jedi-language-server, julia-language-server, pyright, python-language-server, python-lsp-server, r-languageserver, sql-language-server, texlab, typescript-language-server, unified-language-server, vscode-css-languageserver-bin, vscode-html-languageserver-bin, vscode-json-languageserver-bin, yaml-language-server
[I 2025-04-01 14:33:01.469 ServerApp] Creating new notebook in 
[I 2025-04-01 14:33:05.233 ServerApp] Saving file at /Untitled.ipynb
[I 2025-04-01 14:33:05.246 ServerApp] Saving file at /Untitled.ipynb
[I 2025-04-01 14:33:05.548 ServerApp] Kernel started: 51c06aa1-828a-454e-af39-9a854f5658cf
[I 2025-04-01 14:33:07.880 ServerApp] Connecting to kernel 51c06aa1-828a-454e-af39-9a854f5658cf.
[I 2025-04-01 14:33:07.920 ServerApp] Starting buffering for 51c06aa1-828a-454e-af39-9a854f5658cf:8efb393c-915a-40a9-a8fb-37df4c3d0e45
[I 2025-04-01 14:33:07.935 ServerApp] Connecting to kernel 51c06aa1-828a-454e-af39-9a854f5658cf.
[I 2025-04-01 14:33:08.002 ServerApp] Connecting to kernel 51c06aa1-828a-454e-af39-9a854f5658cf.
[I 2025-04-01 14:33:08.108 ServerApp] Connecting to kernel 51c06aa1-828a-454e-af39-9a854f5658cf.
[I 2025-04-01 14:33:08.172 ServerApp] Connecting to kernel 51c06aa1-828a-454e-af39-9a854f5658cf.
[I 2025-04-01 14:35:17.046 ServerApp] Saving file at /topic_modelling.ipynb
[W 2025-04-01 14:38:05.036 ServerApp] Notebook TFIDF-SVD.ipynb is not trusted
[I 2025-04-01 14:38:05.988 ServerApp] Connecting to kernel 51c06aa1-828a-454e-af39-9a854f5658cf.
[W 2025-04-01 14:38:06.184 ServerApp] Notebook TFIDF-SVD.ipynb is not trusted
[I 2025-04-01 14:38:07.464 ServerApp] Kernel started: 25bd1976-7687-4ebd-922b-b485ed814d2a
[I 2025-04-01 14:38:07.873 ServerApp] Connecting to kernel 25bd1976-7687-4ebd-922b-b485ed814d2a.
[W 2025-04-01 14:38:09.744 ServerApp] 404 GET /files/SVD.png?_xsrf=[secret]&1743529087731 (62b9e474267c44b99c806e62160568f7@172.20.88.178) 155.50ms referer=http://172.20.60.12:8889/notebooks/TFIDF-SVD.ipynb
[I 2025-04-01 14:40:06.557 ServerApp] Saving file at /TFIDF-SVD.ipynb
[W 2025-04-01 14:40:06.557 ServerApp] Notebook TFIDF-SVD.ipynb is not trusted
[I 2025-04-01 14:41:55.408 ServerApp] Connecting to kernel 51c06aa1-828a-454e-af39-9a854f5658cf.
[I 2025-04-01 14:41:55.469 ServerApp] Connecting to kernel 25bd1976-7687-4ebd-922b-b485ed814d2a.
[I 2025-04-01 14:41:56.133 ServerApp] Kernel started: 2bdb4803-f5d1-4d5f-be88-48da0a1651ec
[I 2025-04-01 14:41:56.523 ServerApp] Connecting to kernel 2bdb4803-f5d1-4d5f-be88-48da0a1651ec.
[I 2025-04-01 14:42:00.613 ServerApp] Starting buffering for 2bdb4803-f5d1-4d5f-be88-48da0a1651ec:af848150-38d8-4d12-8bdb-371136e49747
[I 2025-04-01 14:42:02.730 ServerApp] Connecting to kernel 51c06aa1-828a-454e-af39-9a854f5658cf.
[I 2025-04-01 14:42:02.773 ServerApp] Connecting to kernel 25bd1976-7687-4ebd-922b-b485ed814d2a.
[I 2025-04-01 14:42:02.830 ServerApp] Connecting to kernel 2bdb4803-f5d1-4d5f-be88-48da0a1651ec.
[I 2025-04-01 14:42:02.940 ServerApp] Starting buffering for 2bdb4803-f5d1-4d5f-be88-48da0a1651ec:a06f44b6-e6ec-4ec4-a334-947d67d305ca
[I 2025-04-01 14:42:03.296 ServerApp] Kernel started: 923f1f87-9f89-4525-80bc-1ac9e493ef1f
[I 2025-04-01 14:42:03.659 ServerApp] Connecting to kernel 923f1f87-9f89-4525-80bc-1ac9e493ef1f.
[I 2025-04-01 14:43:13.841 ServerApp] Starting buffering for 25bd1976-7687-4ebd-922b-b485ed814d2a:1f86454b-d939-472f-9705-7c3b0a794720
[I 2025-04-01 14:43:19.212 ServerApp] Starting buffering for 923f1f87-9f89-4525-80bc-1ac9e493ef1f:73a801b7-5d5d-4b49-b06f-d45364631c8a
[W 2025-04-01 14:43:21.869 ServerApp] Notebook TFIDF-SVD.ipynb is not trusted
[I 2025-04-01 14:43:22.651 ServerApp] Connecting to kernel 51c06aa1-828a-454e-af39-9a854f5658cf.
[I 2025-04-01 14:43:22.694 ServerApp] Connecting to kernel 25bd1976-7687-4ebd-922b-b485ed814d2a.
[I 2025-04-01 14:43:22.756 ServerApp] Connecting to kernel 2bdb4803-f5d1-4d5f-be88-48da0a1651ec.
[I 2025-04-01 14:43:22.809 ServerApp] Connecting to kernel 923f1f87-9f89-4525-80bc-1ac9e493ef1f.
[W 2025-04-01 14:43:22.817 ServerApp] Notebook TFIDF-SVD.ipynb is not trusted
[I 2025-04-01 14:43:22.943 ServerApp] Starting buffering for 25bd1976-7687-4ebd-922b-b485ed814d2a:0e313376-77d9-4418-b7b3-a72beea3e458
[I 2025-04-01 14:43:22.946 ServerApp] Starting buffering for 923f1f87-9f89-4525-80bc-1ac9e493ef1f:8a48a5d9-39bc-4e2c-a9d9-01baf2a294cd
[I 2025-04-01 14:43:22.946 ServerApp] Starting buffering for 2bdb4803-f5d1-4d5f-be88-48da0a1651ec:a7011176-e8d0-4ec3-a470-efc696bd94bc
[I 2025-04-01 14:43:23.371 ServerApp] Connecting to kernel 25bd1976-7687-4ebd-922b-b485ed814d2a.
[W 2025-04-01 14:43:23.460 ServerApp] 404 GET /files/SVD.png?_xsrf=[secret]&1743529403406 (62b9e474267c44b99c806e62160568f7@172.20.88.178) 1.16ms referer=http://172.20.60.12:8889/notebooks/TFIDF-SVD.ipynb
[I 2025-04-01 14:43:33.699 ServerApp] Connecting to kernel 51c06aa1-828a-454e-af39-9a854f5658cf.
[I 2025-04-01 14:43:33.739 ServerApp] Connecting to kernel 25bd1976-7687-4ebd-922b-b485ed814d2a.
[I 2025-04-01 14:43:33.782 ServerApp] Connecting to kernel 2bdb4803-f5d1-4d5f-be88-48da0a1651ec.
[I 2025-04-01 14:43:33.841 ServerApp] Connecting to kernel 923f1f87-9f89-4525-80bc-1ac9e493ef1f.
[I 2025-04-01 14:43:33.918 ServerApp] Starting buffering for 2bdb4803-f5d1-4d5f-be88-48da0a1651ec:b85e4714-0918-4b6c-b08e-6a965b46b977
[I 2025-04-01 14:43:33.920 ServerApp] Starting buffering for 923f1f87-9f89-4525-80bc-1ac9e493ef1f:1a84c12e-fc19-45e3-9376-6b7a610a0aaf
[I 2025-04-01 14:43:34.240 ServerApp] Connecting to kernel 2bdb4803-f5d1-4d5f-be88-48da0a1651ec.
[I 2025-04-01 14:44:09.032 ServerApp] Starting buffering for 2bdb4803-f5d1-4d5f-be88-48da0a1651ec:cd584805-3a21-45e8-ba33-392a6e468a6e
[I 2025-04-01 14:44:12.961 ServerApp] Connecting to kernel 51c06aa1-828a-454e-af39-9a854f5658cf.
[I 2025-04-01 14:44:13.006 ServerApp] Connecting to kernel 25bd1976-7687-4ebd-922b-b485ed814d2a.
[I 2025-04-01 14:44:13.063 ServerApp] Connecting to kernel 2bdb4803-f5d1-4d5f-be88-48da0a1651ec.
[I 2025-04-01 14:44:13.110 ServerApp] Connecting to kernel 923f1f87-9f89-4525-80bc-1ac9e493ef1f.
[I 2025-04-01 14:44:13.237 ServerApp] Starting buffering for 2bdb4803-f5d1-4d5f-be88-48da0a1651ec:07e73fea-8890-41b9-9725-04f388d56c07
[I 2025-04-01 14:44:13.247 ServerApp] Starting buffering for 923f1f87-9f89-4525-80bc-1ac9e493ef1f:880843f8-2418-452e-9c43-19dc22861acf
[I 2025-04-01 14:44:13.490 ServerApp] Connecting to kernel 923f1f87-9f89-4525-80bc-1ac9e493ef1f.
[I 2025-04-01 14:45:20.977 ServerApp] Saving file at /topic_modelling.ipynb
[I 2025-04-01 14:47:21.945 ServerApp] Saving file at /topic_modelling.ipynb
[I 2025-04-01 14:49:13.720 ServerApp] Starting buffering for 923f1f87-9f89-4525-80bc-1ac9e493ef1f:879f2622-521c-444c-bae1-ded1e28e53b6
[I 2025-04-01 14:49:22.076 ServerApp] Saving file at /topic_modelling.ipynb
[I 2025-04-01 14:50:37.444 ServerApp] Connecting to kernel 51c06aa1-828a-454e-af39-9a854f5658cf.
[I 2025-04-01 14:50:37.492 ServerApp] Connecting to kernel 25bd1976-7687-4ebd-922b-b485ed814d2a.
[I 2025-04-01 14:50:37.540 ServerApp] Connecting to kernel 2bdb4803-f5d1-4d5f-be88-48da0a1651ec.
[I 2025-04-01 14:50:37.607 ServerApp] Connecting to kernel 923f1f87-9f89-4525-80bc-1ac9e493ef1f.
[I 2025-04-01 14:50:37.683 ServerApp] Starting buffering for 2bdb4803-f5d1-4d5f-be88-48da0a1651ec:d9183754-819e-47e3-b183-c04a632cdc00
[I 2025-04-01 14:50:37.713 ServerApp] Starting buffering for 923f1f87-9f89-4525-80bc-1ac9e493ef1f:fab26a4e-dd39-4993-832a-4894951c1da9
[I 2025-04-01 14:50:38.137 ServerApp] Connecting to kernel 923f1f87-9f89-4525-80bc-1ac9e493ef1f.
[I 2025-04-01 14:51:22.235 ServerApp] Saving file at /topic_modelling.ipynb
[I 2025-04-01 14:53:22.408 ServerApp] Saving file at /topic_modelling.ipynb
[I 2025-04-01 14:55:22.576 ServerApp] Saving file at /topic_modelling.ipynb
[I 2025-04-01 14:57:22.768 ServerApp] Saving file at /topic_modelling.ipynb
[I 2025-04-01 14:57:27.025 ServerApp] Saving file at /TFIDF-SVD.ipynb
[W 2025-04-01 14:57:27.025 ServerApp] Notebook TFIDF-SVD.ipynb is not trusted
[I 2025-04-01 14:59:22.909 ServerApp] Saving file at /topic_modelling.ipynb
[I 2025-04-01 15:01:23.057 ServerApp] Saving file at /topic_modelling.ipynb
[I 2025-04-01 15:03:23.962 ServerApp] Saving file at /topic_modelling.ipynb
[I 2025-04-01 15:05:24.291 ServerApp] Saving file at /topic_modelling.ipynb
[I 2025-04-01 15:05:47.863 ServerApp] Starting buffering for 923f1f87-9f89-4525-80bc-1ac9e493ef1f:5e22d485-0445-44c8-8cb9-dc51b27c48b3
[I 2025-04-01 15:07:24.471 ServerApp] Saving file at /topic_modelling.ipynb
[I 2025-04-01 15:09:24.598 ServerApp] Saving file at /topic_modelling.ipynb
[I 2025-04-01 15:13:24.969 ServerApp] Saving file at /topic_modelling.ipynb
[I 2025-04-01 15:15:25.166 ServerApp] Saving file at /topic_modelling.ipynb
[I 2025-04-01 15:17:25.322 ServerApp] Saving file at /topic_modelling.ipynb
[I 2025-04-01 15:19:25.530 ServerApp] Saving file at /topic_modelling.ipynb
[I 2025-04-01 15:35:25.742 ServerApp] Saving file at /topic_modelling.ipynb
[I 2025-04-01 15:37:25.968 ServerApp] Saving file at /topic_modelling.ipynb
[I 2025-04-01 15:39:26.115 ServerApp] Saving file at /topic_modelling.ipynb
[I 2025-04-01 16:01:26.454 ServerApp] Saving file at /topic_modelling.ipynb
[I 2025-04-01 16:03:26.734 ServerApp] Saving file at /topic_modelling.ipynb
[I 2025-04-01 16:05:26.862 ServerApp] Saving file at /topic_modelling.ipynb
[I 2025-04-01 16:07:27.091 ServerApp] Saving file at /topic_modelling.ipynb
[I 2025-04-01 16:09:27.279 ServerApp] Saving file at /topic_modelling.ipynb
[I 2025-04-01 16:11:28.039 ServerApp] Saving file at /topic_modelling.ipynb
[I 2025-04-01 16:13:29.040 ServerApp] Saving file at /topic_modelling.ipynb
[I 2025-04-01 16:17:29.384 ServerApp] Saving file at /topic_modelling.ipynb
[I 2025-04-01 16:19:51.131 ServerApp] Starting buffering for 25bd1976-7687-4ebd-922b-b485ed814d2a:d34f37a3-fd8f-4951-8a3e-89ad2e1684c9
[I 2025-04-01 16:21:29.639 ServerApp] Saving file at /topic_modelling.ipynb
[I 2025-04-01 16:23:30.135 ServerApp] Saving file at /topic_modelling.ipynb
[I 2025-04-01 16:25:31.121 ServerApp] Saving file at /topic_modelling.ipynb
[I 2025-04-01 16:27:31.370 ServerApp] Saving file at /topic_modelling.ipynb
[I 2025-04-01 16:33:31.640 ServerApp] Saving file at /topic_modelling.ipynb
[I 2025-04-01 16:35:31.980 ServerApp] Saving file at /topic_modelling.ipynb
[I 2025-04-01 16:37:32.221 ServerApp] Saving file at /topic_modelling.ipynb
[I 2025-04-01 16:39:32.530 ServerApp] Saving file at /topic_modelling.ipynb
[I 2025-04-01 16:41:32.828 ServerApp] Saving file at /topic_modelling.ipynb
[I 2025-04-01 16:43:33.317 ServerApp] Saving file at /topic_modelling.ipynb
[I 2025-04-01 16:49:34.180 ServerApp] Saving file at /topic_modelling.ipynb
[I 2025-04-01 16:51:34.601 ServerApp] Saving file at /topic_modelling.ipynb
[I 2025-04-01 16:53:34.976 ServerApp] Saving file at /topic_modelling.ipynb
[I 2025-04-01 16:55:35.491 ServerApp] Saving file at /topic_modelling.ipynb
[I 2025-04-01 16:57:35.791 ServerApp] Saving file at /topic_modelling.ipynb
[I 2025-04-01 16:59:37.160 ServerApp] Saving file at /topic_modelling.ipynb
[I 2025-04-01 17:01:37.498 ServerApp] Saving file at /topic_modelling.ipynb
[I 2025-04-01 17:13:37.890 ServerApp] Saving file at /topic_modelling.ipynb
[I 2025-04-01 17:15:38.200 ServerApp] Saving file at /topic_modelling.ipynb
[I 2025-04-01 17:17:38.533 ServerApp] Saving file at /topic_modelling.ipynb
[I 2025-04-01 17:19:25.299 ServerApp] Kernel restarted: 51c06aa1-828a-454e-af39-9a854f5658cf
[I 2025-04-01 17:19:25.388 ServerApp] Connecting to kernel 51c06aa1-828a-454e-af39-9a854f5658cf.
[I 2025-04-01 17:19:38.783 ServerApp] Saving file at /topic_modelling.ipynb
[W 2025-04-01 17:20:17.073 ServerApp] Notebook TFIDF-SVD.ipynb is not trusted
[I 2025-04-01 17:20:18.429 ServerApp] Connecting to kernel 51c06aa1-828a-454e-af39-9a854f5658cf.
[I 2025-04-01 17:20:18.481 ServerApp] Connecting to kernel 25bd1976-7687-4ebd-922b-b485ed814d2a.
[I 2025-04-01 17:20:18.571 ServerApp] Connecting to kernel 2bdb4803-f5d1-4d5f-be88-48da0a1651ec.
[W 2025-04-01 17:20:18.582 ServerApp] Notebook TFIDF-SVD.ipynb is not trusted
[I 2025-04-01 17:20:18.661 ServerApp] Starting buffering for 25bd1976-7687-4ebd-922b-b485ed814d2a:799e99c8-3225-4da1-acc6-f9bfc52c6049
[I 2025-04-01 17:20:18.677 ServerApp] Starting buffering for 2bdb4803-f5d1-4d5f-be88-48da0a1651ec:39ef02e5-6d18-49fb-9b30-6551d15c76ac
[I 2025-04-01 17:20:18.690 ServerApp] Connecting to kernel 923f1f87-9f89-4525-80bc-1ac9e493ef1f.
[I 2025-04-01 17:20:18.771 ServerApp] Starting buffering for 923f1f87-9f89-4525-80bc-1ac9e493ef1f:91ae8c47-74d0-4286-9e3a-7c30eb278bf9
[I 2025-04-01 17:21:39.157 ServerApp] Saving file at /topic_modelling.ipynb
[I 2025-04-01 17:25:40.392 ServerApp] Saving file at /topic_modelling.ipynb
[I 2025-04-01 17:27:40.768 ServerApp] Saving file at /topic_modelling.ipynb
[I 2025-04-01 17:28:45.236 ServerApp] Saving file at /topic_modelling.ipynb
[I 2025-04-01 17:28:46.333 ServerApp] Starting buffering for 51c06aa1-828a-454e-af39-9a854f5658cf:0bc9e9f9-177d-407d-a5fb-3cef00ec8e16
